2021-07-14 17:43:59,455 [INFO ] [] [main] [o.s.b.StartupInfoLogger] Starting ActivitiflowApplication using Java 1.8.0_191 on mikez-PC with PID 19676 (E:\ideaworkspace\activitiflow\target\classes started by zhouhao in E:\ideaworkspace\activitiflow)
2021-07-14 17:43:59,465 [INFO ] [] [main] [o.s.b.SpringApplication] The following profiles are active: dev
2021-07-14 17:44:00,680 [INFO ] [] [main] [o.s.b.w.e.t.TomcatWebServer] Tomcat initialized with port(s): 18080 (http)
2021-07-14 17:44:00,688 [INFO ] [] [main] [o.a.j.l.DirectJDKLog] Initializing ProtocolHandler ["http-nio-18080"]
2021-07-14 17:44:00,689 [INFO ] [] [main] [o.a.j.l.DirectJDKLog] Starting service [Tomcat]
2021-07-14 17:44:00,689 [INFO ] [] [main] [o.a.j.l.DirectJDKLog] Starting Servlet engine: [Apache Tomcat/9.0.48]
2021-07-14 17:44:00,691 [INFO ] [] [main] [o.a.j.l.DirectJDKLog] An older version [1.2.19] of the Apache Tomcat Native library is installed, while Tomcat recommends a minimum version of [1.2.30]
2021-07-14 17:44:00,691 [INFO ] [] [main] [o.a.j.l.DirectJDKLog] Loaded Apache Tomcat Native library [1.2.19] using APR version [1.6.5].
2021-07-14 17:44:00,691 [INFO ] [] [main] [o.a.j.l.DirectJDKLog] APR capabilities: IPv6 [true], sendfile [true], accept filters [false], random [true], UDS [false].
2021-07-14 17:44:00,692 [INFO ] [] [main] [o.a.j.l.DirectJDKLog] APR/OpenSSL configuration: useAprConnector [false], useOpenSSL [true]
2021-07-14 17:44:00,700 [INFO ] [] [main] [o.a.j.l.DirectJDKLog] OpenSSL successfully initialized [OpenSSL 1.1.1a  20 Nov 2018]
2021-07-14 17:44:00,773 [INFO ] [] [main] [o.a.j.l.DirectJDKLog] Initializing Spring embedded WebApplicationContext
2021-07-14 17:44:00,774 [INFO ] [] [main] [o.s.b.w.s.c.ServletWebServerApplicationContext] Root WebApplicationContext: initialization completed in 1211 ms
2021-07-14 17:44:01,055 [INFO ] [] [main] [o.s.b.a.w.s.WelcomePageHandlerMapping] Adding welcome page template: index
2021-07-14 17:44:01,172 [INFO ] [] [main] [o.a.j.l.DirectJDKLog] Starting ProtocolHandler ["http-nio-18080"]
2021-07-14 17:44:01,233 [INFO ] [] [main] [o.s.b.w.e.t.TomcatWebServer] Tomcat started on port(s): 18080 (http) with context path ''
2021-07-14 17:44:01,241 [INFO ] [] [main] [o.s.b.StartupInfoLogger] Started ActivitiflowApplication in 2.826 seconds (JVM running for 3.963)
2021-07-14 17:54:37,723 [INFO ] [] [main] [o.s.b.StartupInfoLogger] Starting ActivitiflowApplication using Java 1.8.0_191 on mikez-PC with PID 8340 (E:\ideaworkspace\activitiflow\target\classes started by zhouhao in E:\ideaworkspace\activitiflow)
2021-07-14 17:54:37,729 [INFO ] [] [main] [o.s.b.SpringApplication] The following profiles are active: dev
2021-07-14 17:54:38,502 [INFO ] [] [main] [o.s.b.w.e.t.TomcatWebServer] Tomcat initialized with port(s): 18080 (http)
2021-07-14 17:54:38,511 [INFO ] [] [main] [o.a.j.l.DirectJDKLog] Initializing ProtocolHandler ["http-nio-18080"]
2021-07-14 17:54:38,511 [INFO ] [] [main] [o.a.j.l.DirectJDKLog] Starting service [Tomcat]
2021-07-14 17:54:38,511 [INFO ] [] [main] [o.a.j.l.DirectJDKLog] Starting Servlet engine: [Apache Tomcat/9.0.48]
2021-07-14 17:54:38,513 [INFO ] [] [main] [o.a.j.l.DirectJDKLog] An older version [1.2.19] of the Apache Tomcat Native library is installed, while Tomcat recommends a minimum version of [1.2.30]
2021-07-14 17:54:38,513 [INFO ] [] [main] [o.a.j.l.DirectJDKLog] Loaded Apache Tomcat Native library [1.2.19] using APR version [1.6.5].
2021-07-14 17:54:38,513 [INFO ] [] [main] [o.a.j.l.DirectJDKLog] APR capabilities: IPv6 [true], sendfile [true], accept filters [false], random [true], UDS [false].
2021-07-14 17:54:38,514 [INFO ] [] [main] [o.a.j.l.DirectJDKLog] APR/OpenSSL configuration: useAprConnector [false], useOpenSSL [true]
2021-07-14 17:54:38,517 [INFO ] [] [main] [o.a.j.l.DirectJDKLog] OpenSSL successfully initialized [OpenSSL 1.1.1a  20 Nov 2018]
2021-07-14 17:54:38,593 [INFO ] [] [main] [o.a.j.l.DirectJDKLog] Initializing Spring embedded WebApplicationContext
2021-07-14 17:54:38,593 [INFO ] [] [main] [o.s.b.w.s.c.ServletWebServerApplicationContext] Root WebApplicationContext: initialization completed in 829 ms
2021-07-14 17:54:38,846 [INFO ] [] [main] [o.s.b.a.w.s.WelcomePageHandlerMapping] Adding welcome page template: index
2021-07-14 17:54:38,941 [INFO ] [] [main] [o.a.j.l.DirectJDKLog] Starting ProtocolHandler ["http-nio-18080"]
2021-07-14 17:54:39,005 [INFO ] [] [main] [o.s.b.w.e.t.TomcatWebServer] Tomcat started on port(s): 18080 (http) with context path ''
2021-07-14 17:54:39,015 [INFO ] [] [main] [o.s.b.StartupInfoLogger] Started ActivitiflowApplication in 1.982 seconds (JVM running for 3.176)
2021-07-14 17:54:58,905 [INFO ] [] [http-nio-18080-exec-1] [o.a.j.l.DirectJDKLog] Initializing Spring DispatcherServlet 'dispatcherServlet'
2021-07-14 17:54:58,905 [INFO ] [] [http-nio-18080-exec-1] [o.s.w.s.FrameworkServlet] Initializing Servlet 'dispatcherServlet'
2021-07-14 17:54:58,906 [INFO ] [] [http-nio-18080-exec-1] [o.s.w.s.FrameworkServlet] Completed initialization in 1 ms
2021-07-14 17:55:06,413 [INFO ] [] [http-nio-18080-exec-3] [c.z.a.c.TestController] 测试日志
